<?xml version="1.0" encoding="UTF-8"?>
<!-- Generated by org.testng.reporters.JUnitReportReporter -->
<testsuite hostname="Asma" failures="0" tests="1" name="com.tests.LoginTest" time="2.326" errors="0" timestamp="2025-09-01T19:53:37 CET" skipped="0">
  <testcase classname="com.tests.LoginTest" name="failedLoginTest" time="2.326"/>
  <system-out/>
</testsuite> <!-- com.tests.LoginTest -->
